This file contains any messages produced by compilers while
running configure, to aid debugging if configure makes a mistake.

It was created by sextractor configure 2.8.6, which was
generated by GNU Autoconf 2.61.  Invocation command line was

  $ ./configure --with-fftw=/opt/sw/lib --with-fftw-incdir=/opt/sw/include --with-atlas=/opt/sw/lib --with-atlas-incdir=/opt/sw/include

## --------- ##
## Platform. ##
## --------- ##

hostname = onokuni.local
uname -m = x86_64
uname -r = 19.6.0
uname -s = Darwin
uname -v = Darwin Kernel Version 19.6.0: Tue Jan 12 22:13:05 PST 2021; root:xnu-6153.141.16~1/RELEASE_X86_64

/usr/bin/uname -p = i386
/bin/uname -X     = unknown

/bin/arch              = unknown
/usr/bin/arch -k       = unknown
/usr/convex/getsysinfo = unknown
/usr/bin/hostinfo      = Mach kernel version:
	 Darwin Kernel Version 19.6.0: Tue Jan 12 22:13:05 PST 2021; root:xnu-6153.141.16~1/RELEASE_X86_64
Kernel configured for up to 8 processors.
4 processors are physically available.
8 processors are logically available.
Processor type: x86_64h (Intel x86-64h Haswell)
Processors active: 0 1 2 3 4 5 6 7
Primary memory available: 16.00 gigabytes
Default processor set: 507 tasks, 2747 threads, 8 processors
Load average: 2.35, Mach factor: 5.64
/bin/machine           = unknown
/usr/bin/oslevel       = unknown
/bin/universe          = unknown

PATH: /Library/Frameworks/Python.framework/Versions/3.7/bin
PATH: /Users/strolger/snreg_soft/snsearch
PATH: /Users/strolger/snreg_soft/bin
PATH: /Users/strolger/snreg_soft/SNPHOT
PATH: /Users/strolger/Cosmology/soft
PATH: ./
PATH: /Users/strolger/bin
PATH: /usr/bin
PATH: /usr/local/bin
PATH: /bin
PATH: /usr/sbin
PATH: /usr/bin/X11
PATH: /usr/ucb
PATH: /usr/etc
PATH: /usr/include
PATH: /usr/local/lib
PATH: /usr/X11R6/bin
PATH: /opt/sw/bin
PATH: /opt/kde/bin
PATH: /usr/X11R6/bin
PATH: /Users/strolger/.local/bin/
PATH: /Users/strolger/


## ----------- ##
## Core tests. ##
## ----------- ##

configure:2002: checking for a BSD-compatible install
configure:2058: result: /usr/bin/install -c
configure:2069: checking whether build environment is sane
configure:2112: result: yes
configure:2140: checking for a thread-safe mkdir -p
configure:2179: result: /opt/sw/bin/gmkdir -p
configure:2192: checking for gawk
configure:2208: found /opt/sw/bin/gawk
configure:2219: result: gawk
configure:2230: checking whether make sets $(MAKE)
configure:2251: result: yes
configure:2483: result: *********** Configuring:  sextractor 2.8.6 (2021-02-25) **********
configure:2496: checking for Linux Intel C compiler mode
configure:2506: result: no
configure:2573: checking for cc
configure:2589: found /usr/bin/cc
configure:2600: result: cc
configure:2636: checking for C compiler version
configure:2643: cc --version >&5
Apple clang version 12.0.0 (clang-1200.0.32.29)
Target: x86_64-apple-darwin19.6.0
Thread model: posix
InstalledDir: /Applications/Xcode.app/Contents/Developer/Toolchains/XcodeDefault.xctoolchain/usr/bin
configure:2646: $? = 0
configure:2653: cc -v >&5
Apple clang version 12.0.0 (clang-1200.0.32.29)
Target: x86_64-apple-darwin19.6.0
Thread model: posix
InstalledDir: /Applications/Xcode.app/Contents/Developer/Toolchains/XcodeDefault.xctoolchain/usr/bin
configure:2656: $? = 0
configure:2663: cc -V >&5
clang: error: argument to '-V' is missing (expected 1 value)
clang: error: no input files
configure:2666: $? = 1
configure:2689: checking for C compiler default output file name
configure:2716: cc    conftest.c  >&5
configure:2719: $? = 0
configure:2757: result: a.out
configure:2774: checking whether the C compiler works
configure:2784: ./a.out
configure:2787: $? = 0
configure:2804: result: yes
configure:2811: checking whether we are cross compiling
configure:2813: result: no
configure:2816: checking for suffix of executables
configure:2823: cc -o conftest    conftest.c  >&5
configure:2826: $? = 0
configure:2850: result: 
configure:2856: checking for suffix of object files
configure:2882: cc -c   conftest.c >&5
configure:2885: $? = 0
configure:2908: result: o
configure:2912: checking whether we are using the GNU C compiler
configure:2941: cc -c   conftest.c >&5
configure:2947: $? = 0
configure:2964: result: yes
configure:2969: checking whether cc accepts -g
configure:2999: cc -c -g  conftest.c >&5
configure:3005: $? = 0
configure:3104: result: yes
configure:3121: checking for cc option to accept ISO C89
configure:3195: cc  -c   conftest.c >&5
configure:3201: $? = 0
configure:3224: result: none needed
configure:3253: checking for style of include used by make
configure:3281: result: GNU
configure:3306: checking dependency style of cc
configure:3397: result: gcc3
configure:3461: checking for gcc
configure:3488: result: cc
configure:3726: checking for C compiler version
configure:3733: cc --version >&5
Apple clang version 12.0.0 (clang-1200.0.32.29)
Target: x86_64-apple-darwin19.6.0
Thread model: posix
InstalledDir: /Applications/Xcode.app/Contents/Developer/Toolchains/XcodeDefault.xctoolchain/usr/bin
configure:3736: $? = 0
configure:3743: cc -v >&5
Apple clang version 12.0.0 (clang-1200.0.32.29)
Target: x86_64-apple-darwin19.6.0
Thread model: posix
InstalledDir: /Applications/Xcode.app/Contents/Developer/Toolchains/XcodeDefault.xctoolchain/usr/bin
configure:3746: $? = 0
configure:3753: cc -V >&5
clang: error: argument to '-V' is missing (expected 1 value)
clang: error: no input files
configure:3756: $? = 1
configure:3759: checking whether we are using the GNU C compiler
configure:3811: result: yes
configure:3816: checking whether cc accepts -g
configure:3951: result: yes
configure:3968: checking for cc option to accept ISO C89
configure:4071: result: none needed
configure:4091: checking dependency style of cc
configure:4182: result: gcc3
configure:4201: checking for library containing strerror
configure:4242: cc -o conftest    conftest.c  >&5
conftest.c:18:6: warning: incompatible redeclaration of library function 'strerror' [-Wincompatible-library-redeclaration]
char strerror ();
     ^
conftest.c:18:6: note: 'strerror' is a builtin with type 'char *(int)'
1 warning generated.
configure:4248: $? = 0
configure:4276: result: none required
configure:4286: checking for C compiler optimization flags
configure:4369: result: -O3 -g -funroll-loops -fomit-frame-pointer -Wall
configure:4452: checking build system type
configure:4470: result: i386-apple-darwin19.6.0
configure:4492: checking host system type
configure:4507: result: i386-apple-darwin19.6.0
configure:4529: checking for a sed that does not truncate output
configure:4585: result: /opt/sw/bin/sed
configure:4588: checking for grep that handles long lines and -e
configure:4662: result: /opt/sw/bin/grep
configure:4667: checking for egrep
configure:4745: result: /opt/sw/bin/grep -E
configure:4761: checking for ld used by cc
configure:4828: result: /Applications/Xcode.app/Contents/Developer/Toolchains/XcodeDefault.xctoolchain/usr/bin/ld
configure:4837: checking if the linker (/Applications/Xcode.app/Contents/Developer/Toolchains/XcodeDefault.xctoolchain/usr/bin/ld) is GNU ld
configure:4852: result: no
configure:4857: checking for /Applications/Xcode.app/Contents/Developer/Toolchains/XcodeDefault.xctoolchain/usr/bin/ld option to reload object files
configure:4864: result: -r
configure:4882: checking for BSD-compatible nm
configure:4931: result: /usr/bin/nm -B
configure:4935: checking whether ln -s works
configure:4939: result: yes
configure:4946: checking how to recognize dependent libraries
configure:5132: result: pass_all
configure:5373: checking how to run the C preprocessor
configure:5413: cc -E  conftest.c
configure:5419: $? = 0
configure:5450: cc -E  conftest.c
conftest.c:11:10: fatal error: 'ac_nonexistent.h' file not found
#include <ac_nonexistent.h>
         ^~~~~~~~~~~~~~~~~~
1 error generated.
configure:5456: $? = 1
configure: failed program was:
| /* confdefs.h.  */
| #define PACKAGE_NAME "sextractor"
| #define PACKAGE_TARNAME "sextractor"
| #define PACKAGE_VERSION "2.8.6"
| #define PACKAGE_STRING "sextractor 2.8.6"
| #define PACKAGE_BUGREPORT "bertin@iap.fr"
| #define PACKAGE "sextractor"
| #define VERSION "2.8.6"
| #define DATE "2021-02-25"
| /* end confdefs.h.  */
| #include <ac_nonexistent.h>
configure:5489: result: cc -E
configure:5518: cc -E  conftest.c
configure:5524: $? = 0
configure:5555: cc -E  conftest.c
conftest.c:11:10: fatal error: 'ac_nonexistent.h' file not found
#include <ac_nonexistent.h>
         ^~~~~~~~~~~~~~~~~~
1 error generated.
configure:5561: $? = 1
configure: failed program was:
| /* confdefs.h.  */
| #define PACKAGE_NAME "sextractor"
| #define PACKAGE_TARNAME "sextractor"
| #define PACKAGE_VERSION "2.8.6"
| #define PACKAGE_STRING "sextractor 2.8.6"
| #define PACKAGE_BUGREPORT "bertin@iap.fr"
| #define PACKAGE "sextractor"
| #define VERSION "2.8.6"
| #define DATE "2021-02-25"
| /* end confdefs.h.  */
| #include <ac_nonexistent.h>
configure:5599: checking for ANSI C header files
configure:5629: cc -c  -O3 -g -funroll-loops -fomit-frame-pointer -Wall  conftest.c >&5
configure:5635: $? = 0
configure:5734: cc -o conftest  -O3 -g -funroll-loops -fomit-frame-pointer -Wall    conftest.c  >&5
configure:5737: $? = 0
configure:5743: ./conftest
configure:5746: $? = 0
configure:5763: result: yes
configure:5787: checking for sys/types.h
configure:5808: cc -c  -O3 -g -funroll-loops -fomit-frame-pointer -Wall  conftest.c >&5
configure:5814: $? = 0
configure:5830: result: yes
configure:5787: checking for sys/stat.h
configure:5808: cc -c  -O3 -g -funroll-loops -fomit-frame-pointer -Wall  conftest.c >&5
configure:5814: $? = 0
configure:5830: result: yes
configure:5787: checking for stdlib.h
configure:5808: cc -c  -O3 -g -funroll-loops -fomit-frame-pointer -Wall  conftest.c >&5
configure:5814: $? = 0
configure:5830: result: yes
configure:5787: checking for string.h
configure:5808: cc -c  -O3 -g -funroll-loops -fomit-frame-pointer -Wall  conftest.c >&5
configure:5814: $? = 0
configure:5830: result: yes
configure:5787: checking for memory.h
configure:5808: cc -c  -O3 -g -funroll-loops -fomit-frame-pointer -Wall  conftest.c >&5
configure:5814: $? = 0
configure:5830: result: yes
configure:5787: checking for strings.h
configure:5808: cc -c  -O3 -g -funroll-loops -fomit-frame-pointer -Wall  conftest.c >&5
configure:5814: $? = 0
configure:5830: result: yes
configure:5787: checking for inttypes.h
configure:5808: cc -c  -O3 -g -funroll-loops -fomit-frame-pointer -Wall  conftest.c >&5
configure:5814: $? = 0
configure:5830: result: yes
configure:5787: checking for stdint.h
configure:5808: cc -c  -O3 -g -funroll-loops -fomit-frame-pointer -Wall  conftest.c >&5
configure:5814: $? = 0
configure:5830: result: yes
configure:5787: checking for unistd.h
configure:5808: cc -c  -O3 -g -funroll-loops -fomit-frame-pointer -Wall  conftest.c >&5
configure:5814: $? = 0
configure:5830: result: yes
configure:5857: checking dlfcn.h usability
configure:5874: cc -c  -O3 -g -funroll-loops -fomit-frame-pointer -Wall  conftest.c >&5
configure:5880: $? = 0
configure:5894: result: yes
configure:5898: checking dlfcn.h presence
configure:5913: cc -E  conftest.c
configure:5919: $? = 0
configure:5933: result: yes
configure:5966: checking for dlfcn.h
configure:5974: result: yes
configure:6045: checking for g++
configure:6061: found /usr/bin/g++
configure:6072: result: g++
configure:6103: checking for C++ compiler version
configure:6110: g++ --version >&5
Configured with: --prefix=/Applications/Xcode.app/Contents/Developer/usr --with-gxx-include-dir=/Library/Developer/CommandLineTools/SDKs/MacOSX.sdk/usr/include/c++/4.2.1
Apple clang version 12.0.0 (clang-1200.0.32.29)
Target: x86_64-apple-darwin19.6.0
Thread model: posix
InstalledDir: /Applications/Xcode.app/Contents/Developer/Toolchains/XcodeDefault.xctoolchain/usr/bin
configure:6113: $? = 0
configure:6120: g++ -v >&5
Configured with: --prefix=/Applications/Xcode.app/Contents/Developer/usr --with-gxx-include-dir=/Library/Developer/CommandLineTools/SDKs/MacOSX.sdk/usr/include/c++/4.2.1
Apple clang version 12.0.0 (clang-1200.0.32.29)
Target: x86_64-apple-darwin19.6.0
Thread model: posix
InstalledDir: /Applications/Xcode.app/Contents/Developer/Toolchains/XcodeDefault.xctoolchain/usr/bin
configure:6123: $? = 0
configure:6130: g++ -V >&5
clang: error: argument to '-V' is missing (expected 1 value)
clang: error: no input files
configure:6133: $? = 1
configure:6136: checking whether we are using the GNU C++ compiler
configure:6165: g++ -c   conftest.cpp >&5
configure:6171: $? = 0
configure:6188: result: yes
configure:6193: checking whether g++ accepts -g
configure:6223: g++ -c -g  conftest.cpp >&5
configure:6229: $? = 0
configure:6328: result: yes
configure:6353: checking dependency style of g++
configure:6444: result: gcc3
configure:6469: checking how to run the C++ preprocessor
configure:6505: g++ -E  conftest.cpp
configure:6511: $? = 0
configure:6542: g++ -E  conftest.cpp
conftest.cpp:22:10: fatal error: 'ac_nonexistent.h' file not found
#include <ac_nonexistent.h>
         ^~~~~~~~~~~~~~~~~~
1 error generated.
configure:6548: $? = 1
configure: failed program was:
| /* confdefs.h.  */
| #define PACKAGE_NAME "sextractor"
| #define PACKAGE_TARNAME "sextractor"
| #define PACKAGE_VERSION "2.8.6"
| #define PACKAGE_STRING "sextractor 2.8.6"
| #define PACKAGE_BUGREPORT "bertin@iap.fr"
| #define PACKAGE "sextractor"
| #define VERSION "2.8.6"
| #define DATE "2021-02-25"
| #define STDC_HEADERS 1
| #define HAVE_SYS_TYPES_H 1
| #define HAVE_SYS_STAT_H 1
| #define HAVE_STDLIB_H 1
| #define HAVE_STRING_H 1
| #define HAVE_MEMORY_H 1
| #define HAVE_STRINGS_H 1
| #define HAVE_INTTYPES_H 1
| #define HAVE_STDINT_H 1
| #define HAVE_UNISTD_H 1
| #define HAVE_DLFCN_H 1
| /* end confdefs.h.  */
| #include <ac_nonexistent.h>
configure:6581: result: g++ -E
configure:6610: g++ -E  conftest.cpp
configure:6616: $? = 0
configure:6647: g++ -E  conftest.cpp
conftest.cpp:22:10: fatal error: 'ac_nonexistent.h' file not found
#include <ac_nonexistent.h>
         ^~~~~~~~~~~~~~~~~~
1 error generated.
configure:6653: $? = 1
configure: failed program was:
| /* confdefs.h.  */
| #define PACKAGE_NAME "sextractor"
| #define PACKAGE_TARNAME "sextractor"
| #define PACKAGE_VERSION "2.8.6"
| #define PACKAGE_STRING "sextractor 2.8.6"
| #define PACKAGE_BUGREPORT "bertin@iap.fr"
| #define PACKAGE "sextractor"
| #define VERSION "2.8.6"
| #define DATE "2021-02-25"
| #define STDC_HEADERS 1
| #define HAVE_SYS_TYPES_H 1
| #define HAVE_SYS_STAT_H 1
| #define HAVE_STDLIB_H 1
| #define HAVE_STRING_H 1
| #define HAVE_MEMORY_H 1
| #define HAVE_STRINGS_H 1
| #define HAVE_INTTYPES_H 1
| #define HAVE_STDINT_H 1
| #define HAVE_UNISTD_H 1
| #define HAVE_DLFCN_H 1
| /* end confdefs.h.  */
| #include <ac_nonexistent.h>
configure:6746: checking for g77
configure:6776: result: no
configure:6746: checking for xlf
configure:6776: result: no
configure:6746: checking for f77
configure:6776: result: no
configure:6746: checking for frt
configure:6776: result: no
configure:6746: checking for pgf77
configure:6776: result: no
configure:6746: checking for cf77
configure:6776: result: no
configure:6746: checking for fort77
configure:6776: result: no
configure:6746: checking for fl32
configure:6776: result: no
configure:6746: checking for af77
configure:6776: result: no
configure:6746: checking for xlf90
configure:6776: result: no
configure:6746: checking for f90
configure:6776: result: no
configure:6746: checking for pgf90
configure:6776: result: no
configure:6746: checking for pghpf
configure:6776: result: no
configure:6746: checking for epcf90
configure:6776: result: no
configure:6746: checking for gfortran
configure:6762: found /opt/sw/bin/gfortran
configure:6773: result: gfortran
configure:6803: checking for Fortran 77 compiler version
configure:6810: gfortran --version >&5
GNU Fortran (Fink gcc9 9.3.0-1) 9.3.0
Copyright (C) 2019 Free Software Foundation, Inc.
This is free software; see the source for copying conditions.  There is NO
warranty; not even for MERCHANTABILITY or FITNESS FOR A PARTICULAR PURPOSE.

configure:6813: $? = 0
configure:6820: gfortran -v >&5
Using built-in specs.
COLLECT_GCC=gfortran
COLLECT_LTO_WRAPPER=/opt/sw/lib/gcc9/libexec/gcc/x86_64-apple-darwin19.3.0/9.3.0/lto-wrapper
Target: x86_64-apple-darwin19.3.0
Configured with: ../gcc-9.3.0/configure --prefix=/opt/sw --prefix=/opt/sw/lib/gcc9 --mandir=/opt/sw/share/man --infodir=/opt/sw/lib/gcc9/info --enable-languages=c,c++,fortran,lto,objc,obj-c++ --with-gmp=/opt/sw --with-libiconv-prefix=/opt/sw --with-isl=/opt/sw --with-mpc=/opt/sw --with-system-zlib --program-suffix=-fsf-9 --disable-multilib --with-sysroot=/Applications/Xcode.app/Contents/Developer/Platforms/MacOSX.platform/Developer/SDKs/MacOSX.sdk --with-pkgversion='Fink gcc9 9.3.0-1'
Thread model: posix
gcc version 9.3.0 (Fink gcc9 9.3.0-1) 
configure:6823: $? = 0
configure:6830: gfortran -V >&5
gfortran: error: unrecognized command line option '-V'
gfortran: fatal error: no input files
compilation terminated.
configure:6833: $? = 1
configure:6841: checking whether we are using the GNU Fortran 77 compiler
configure:6860: gfortran -c  conftest.F >&5
configure:6866: $? = 0
configure:6883: result: yes
configure:6889: checking whether gfortran accepts -g
configure:6906: gfortran -c -g conftest.f >&5
configure:6912: $? = 0
configure:6928: result: yes
configure:6958: checking the maximum length of command line arguments
configure:7070: result: 196608
configure:7082: checking command to parse /usr/bin/nm -B output from cc object
configure:7187: cc -c  -O3 -g -funroll-loops -fomit-frame-pointer -Wall  conftest.c >&5
configure:7190: $? = 0
configure:7194: /usr/bin/nm -B conftest.o \| sed -n -e 's/^.*[ 	]\([BCDEGRST][BCDEGRST]*\)[ 	][ 	]*\([_A-Za-z][_A-Za-z0-9]*\)$/\1 \2 \2/p' \> conftest.nm
configure:7197: $? = 0
cannot find nm_test_var in conftest.nm
configure:7187: cc -c  -O3 -g -funroll-loops -fomit-frame-pointer -Wall  conftest.c >&5
configure:7190: $? = 0
configure:7194: /usr/bin/nm -B conftest.o \| sed -n -e 's/^.*[ 	]\([BCDEGRST][BCDEGRST]*\)[ 	][ 	]*_\([_A-Za-z][_A-Za-z0-9]*\)$/\1 _\2 \2/p' \> conftest.nm
configure:7197: $? = 0
configure:7249: cc -o conftest  -O3 -g -funroll-loops -fomit-frame-pointer -Wall    conftest.c conftstm.o >&5
warning: (x86_64)  could not find object file symbol for symbol _main
configure:7252: $? = 0
configure:7290: result: ok
configure:7294: checking for objdir
configure:7309: result: .libs
configure:7401: checking for ar
configure:7417: found /usr/bin/ar
configure:7428: result: ar
configure:7497: checking for ranlib
configure:7513: found /usr/bin/ranlib
configure:7524: result: ranlib
configure:7593: checking for strip
configure:7609: found /usr/bin/strip
configure:7620: result: strip
configure:7906: checking if cc supports -fno-rtti -fno-exceptions
configure:7924: cc -c  -O3 -g -funroll-loops -fomit-frame-pointer -Wall  -fno-rtti -fno-exceptions conftest.c >&5
configure:7928: $? = 0
configure:7941: result: yes
configure:7956: checking for cc option to produce PIC
configure:8188: result: -fno-common
configure:8196: checking if cc PIC flag -fno-common works
configure:8214: cc -c  -O3 -g -funroll-loops -fomit-frame-pointer -Wall  -fno-common -DPIC conftest.c >&5
configure:8218: $? = 0
configure:8231: result: yes
configure:8259: checking if cc static flag -static works
configure:8287: result: no
configure:8297: checking if cc supports -c -o file.o
configure:8318: cc -c  -O3 -g -funroll-loops -fomit-frame-pointer -Wall  -o out/conftest2.o conftest.c >&5
configure:8322: $? = 0
configure:8344: result: yes
configure:8370: checking whether the cc linker (/Applications/Xcode.app/Contents/Developer/Toolchains/XcodeDefault.xctoolchain/usr/bin/ld) supports shared libraries
configure:9350: result: yes
configure:9417: checking dynamic linker characteristics
configure:10021: result: darwin19.6.0 dyld
configure:10030: checking how to hardcode library paths into programs
configure:10055: result: immediate
configure:10069: checking whether stripping libraries is possible
configure:10083: result: yes
configure:10876: checking if libtool supports shared libraries
configure:10878: result: yes
configure:10881: checking whether to build shared libraries
configure:10902: result: yes
configure:10905: checking whether to build static libraries
configure:10909: result: no
configure:11002: creating libtool
configure:11590: checking for ld used by g++
configure:11657: result: /Applications/Xcode.app/Contents/Developer/Toolchains/XcodeDefault.xctoolchain/usr/bin/ld
configure:11666: checking if the linker (/Applications/Xcode.app/Contents/Developer/Toolchains/XcodeDefault.xctoolchain/usr/bin/ld) is GNU ld
configure:11681: result: no
configure:11732: checking whether the g++ linker (/Applications/Xcode.app/Contents/Developer/Toolchains/XcodeDefault.xctoolchain/usr/bin/ld) supports shared libraries
configure:12706: result: yes
configure:12724: g++ -c -g -O2  conftest.cpp >&5
configure:12727: $? = 0
configure:12879: checking for g++ option to produce PIC
configure:13163: result: -fno-common
configure:13171: checking if g++ PIC flag -fno-common works
configure:13189: g++ -c -g -O2  -fno-common -DPIC conftest.cpp >&5
configure:13193: $? = 0
configure:13206: result: yes
configure:13234: checking if g++ static flag -static works
configure:13262: result: no
configure:13272: checking if g++ supports -c -o file.o
configure:13293: g++ -c -g -O2  -o out/conftest2.o conftest.cpp >&5
configure:13297: $? = 0
configure:13319: result: yes
configure:13345: checking whether the g++ linker (/Applications/Xcode.app/Contents/Developer/Toolchains/XcodeDefault.xctoolchain/usr/bin/ld) supports shared libraries
configure:13370: result: yes
configure:13437: checking dynamic linker characteristics
configure:13989: result: darwin19.6.0 dyld
configure:13998: checking how to hardcode library paths into programs
configure:14023: result: immediate
configure:14557: checking if libtool supports shared libraries
configure:14559: result: yes
configure:14562: checking whether to build shared libraries
configure:14582: result: yes
configure:14585: checking whether to build static libraries
configure:14589: result: no
configure:14599: checking for gfortran option to produce PIC
configure:14831: result: -fno-common
configure:14839: checking if gfortran PIC flag -fno-common works
configure:14857: gfortran -c -g -O2 -fno-common conftest.f >&5
configure:14861: $? = 0
configure:14874: result: yes
configure:14902: checking if gfortran static flag -static works
configure:14930: result: no
configure:14940: checking if gfortran supports -c -o file.o
configure:14961: gfortran -c -g -O2 -o out/conftest2.o conftest.f >&5
configure:14965: $? = 0
configure:14987: result: yes
configure:15013: checking whether the gfortran linker (/Applications/Xcode.app/Contents/Developer/Toolchains/XcodeDefault.xctoolchain/usr/bin/ld) supports shared libraries
configure:15973: result: yes
configure:16040: checking dynamic linker characteristics
configure:16592: result: darwin19.6.0 dyld
configure:16601: checking how to hardcode library paths into programs
configure:16626: result: immediate
configure:20211: checking for a BSD-compatible install
configure:20267: result: /usr/bin/install -c
configure:20281: checking for sin in -lm
configure:20316: cc -o conftest  -O3 -g -funroll-loops -fomit-frame-pointer -Wall    conftest.c -lm   >&5
conftest.c:29:6: warning: incompatible redeclaration of library function 'sin' [-Wincompatible-library-redeclaration]
char sin ();
     ^
conftest.c:29:6: note: 'sin' is a builtin with type 'double (double)'
1 warning generated.
configure:20322: $? = 0
configure:20340: result: yes
configure:20353: checking for ANSI C header files
configure:20517: result: yes
configure:20550: checking fcntl.h usability
configure:20567: cc -c  -O3 -g -funroll-loops -fomit-frame-pointer -Wall  conftest.c >&5
configure:20573: $? = 0
configure:20587: result: yes
configure:20591: checking fcntl.h presence
configure:20606: cc -E  conftest.c
configure:20612: $? = 0
configure:20626: result: yes
configure:20659: checking for fcntl.h
configure:20667: result: yes
configure:20550: checking limits.h usability
configure:20567: cc -c  -O3 -g -funroll-loops -fomit-frame-pointer -Wall  conftest.c >&5
configure:20573: $? = 0
configure:20587: result: yes
configure:20591: checking limits.h presence
configure:20606: cc -E  conftest.c
configure:20612: $? = 0
configure:20626: result: yes
configure:20659: checking for limits.h
configure:20667: result: yes
configure:20550: checking malloc.h usability
configure:20567: cc -c  -O3 -g -funroll-loops -fomit-frame-pointer -Wall  conftest.c >&5
conftest.c:59:10: fatal error: 'malloc.h' file not found
#include <malloc.h>
         ^~~~~~~~~~
1 error generated.
configure:20573: $? = 1
configure: failed program was:
| /* confdefs.h.  */
| #define PACKAGE_NAME "sextractor"
| #define PACKAGE_TARNAME "sextractor"
| #define PACKAGE_VERSION "2.8.6"
| #define PACKAGE_STRING "sextractor 2.8.6"
| #define PACKAGE_BUGREPORT "bertin@iap.fr"
| #define PACKAGE "sextractor"
| #define VERSION "2.8.6"
| #define DATE "2021-02-25"
| #define STDC_HEADERS 1
| #define HAVE_SYS_TYPES_H 1
| #define HAVE_SYS_STAT_H 1
| #define HAVE_STDLIB_H 1
| #define HAVE_STRING_H 1
| #define HAVE_MEMORY_H 1
| #define HAVE_STRINGS_H 1
| #define HAVE_INTTYPES_H 1
| #define HAVE_STDINT_H 1
| #define HAVE_UNISTD_H 1
| #define HAVE_DLFCN_H 1
| #define HAVE_LIBM 1
| #define STDC_HEADERS 1
| #define HAVE_FCNTL_H 1
| #define HAVE_LIMITS_H 1
| /* end confdefs.h.  */
| #include <stdio.h>
| #ifdef HAVE_SYS_TYPES_H
| # include <sys/types.h>
| #endif
| #ifdef HAVE_SYS_STAT_H
| # include <sys/stat.h>
| #endif
| #ifdef STDC_HEADERS
| # include <stdlib.h>
| # include <stddef.h>
| #else
| # ifdef HAVE_STDLIB_H
| #  include <stdlib.h>
| # endif
| #endif
| #ifdef HAVE_STRING_H
| # if !defined STDC_HEADERS && defined HAVE_MEMORY_H
| #  include <memory.h>
| # endif
| # include <string.h>
| #endif
| #ifdef HAVE_STRINGS_H
| # include <strings.h>
| #endif
| #ifdef HAVE_INTTYPES_H
| # include <inttypes.h>
| #endif
| #ifdef HAVE_STDINT_H
| # include <stdint.h>
| #endif
| #ifdef HAVE_UNISTD_H
| # include <unistd.h>
| #endif
| #include <malloc.h>
configure:20587: result: no
configure:20591: checking malloc.h presence
configure:20606: cc -E  conftest.c
conftest.c:26:10: fatal error: 'malloc.h' file not found
#include <malloc.h>
         ^~~~~~~~~~
1 error generated.
configure:20612: $? = 1
configure: failed program was:
| /* confdefs.h.  */
| #define PACKAGE_NAME "sextractor"
| #define PACKAGE_TARNAME "sextractor"
| #define PACKAGE_VERSION "2.8.6"
| #define PACKAGE_STRING "sextractor 2.8.6"
| #define PACKAGE_BUGREPORT "bertin@iap.fr"
| #define PACKAGE "sextractor"
| #define VERSION "2.8.6"
| #define DATE "2021-02-25"
| #define STDC_HEADERS 1
| #define HAVE_SYS_TYPES_H 1
| #define HAVE_SYS_STAT_H 1
| #define HAVE_STDLIB_H 1
| #define HAVE_STRING_H 1
| #define HAVE_MEMORY_H 1
| #define HAVE_STRINGS_H 1
| #define HAVE_INTTYPES_H 1
| #define HAVE_STDINT_H 1
| #define HAVE_UNISTD_H 1
| #define HAVE_DLFCN_H 1
| #define HAVE_LIBM 1
| #define STDC_HEADERS 1
| #define HAVE_FCNTL_H 1
| #define HAVE_LIMITS_H 1
| /* end confdefs.h.  */
| #include <malloc.h>
configure:20626: result: no
configure:20659: checking for malloc.h
configure:20667: result: no
configure:20540: checking for stdlib.h
configure:20546: result: yes
configure:20540: checking for string.h
configure:20546: result: yes
configure:20550: checking sys/mman.h usability
configure:20567: cc -c  -O3 -g -funroll-loops -fomit-frame-pointer -Wall  conftest.c >&5
configure:20573: $? = 0
configure:20587: result: yes
configure:20591: checking sys/mman.h presence
configure:20606: cc -E  conftest.c
configure:20612: $? = 0
configure:20626: result: yes
configure:20659: checking for sys/mman.h
configure:20667: result: yes
configure:20540: checking for sys/types.h
configure:20546: result: yes
configure:20540: checking for unistd.h
configure:20546: result: yes
configure:20682: checking for an ANSI C-conforming const
configure:20757: cc -c  -O3 -g -funroll-loops -fomit-frame-pointer -Wall  conftest.c >&5
conftest.c:76:18: warning: variable 'b' is uninitialized when used here [-Wuninitialized]
    struct s *b; b->j = 5;
                 ^
conftest.c:76:16: note: initialize the variable 'b' to silence this warning
    struct s *b; b->j = 5;
               ^
                = 0
conftest.c:60:6: warning: variable 't' is uninitialized when used here [-Wuninitialized]
    *t++ = 0;
     ^
conftest.c:57:12: note: initialize the variable 't' to silence this warning
    char *t;
           ^
            = 0
2 warnings generated.
configure:20763: $? = 0
configure:20778: result: yes
configure:20788: checking for off_t
configure:20818: cc -c  -O3 -g -funroll-loops -fomit-frame-pointer -Wall  conftest.c >&5
configure:20824: $? = 0
configure:20839: result: yes
configure:20851: checking for size_t
configure:20881: cc -c  -O3 -g -funroll-loops -fomit-frame-pointer -Wall  conftest.c >&5
configure:20887: $? = 0
configure:20902: result: yes
configure:20914: checking whether struct tm is in sys/time.h or time.h
configure:20944: cc -c  -O3 -g -funroll-loops -fomit-frame-pointer -Wall  conftest.c >&5
configure:20950: $? = 0
configure:20965: result: time.h
configure:20975: checking for uid_t in sys/types.h
configure:20998: result: yes
configure:21015: checking for error_at_line
configure:21041: cc -o conftest  -O3 -g -funroll-loops -fomit-frame-pointer -Wall    conftest.c -lm  >&5
conftest.c:31:10: fatal error: 'error.h' file not found
#include <error.h>
         ^~~~~~~~~
1 error generated.
configure:21047: $? = 1
configure: failed program was:
| /* confdefs.h.  */
| #define PACKAGE_NAME "sextractor"
| #define PACKAGE_TARNAME "sextractor"
| #define PACKAGE_VERSION "2.8.6"
| #define PACKAGE_STRING "sextractor 2.8.6"
| #define PACKAGE_BUGREPORT "bertin@iap.fr"
| #define PACKAGE "sextractor"
| #define VERSION "2.8.6"
| #define DATE "2021-02-25"
| #define STDC_HEADERS 1
| #define HAVE_SYS_TYPES_H 1
| #define HAVE_SYS_STAT_H 1
| #define HAVE_STDLIB_H 1
| #define HAVE_STRING_H 1
| #define HAVE_MEMORY_H 1
| #define HAVE_STRINGS_H 1
| #define HAVE_INTTYPES_H 1
| #define HAVE_STDINT_H 1
| #define HAVE_UNISTD_H 1
| #define HAVE_DLFCN_H 1
| #define HAVE_LIBM 1
| #define STDC_HEADERS 1
| #define HAVE_FCNTL_H 1
| #define HAVE_LIMITS_H 1
| #define HAVE_STDLIB_H 1
| #define HAVE_STRING_H 1
| #define HAVE_SYS_MMAN_H 1
| #define HAVE_SYS_TYPES_H 1
| #define HAVE_UNISTD_H 1
| /* end confdefs.h.  */
| #include <error.h>
| int
| main ()
| {
| error_at_line (0, 0, "", 0, "an error occurred");
|   ;
|   return 0;
| }
configure:21064: result: no
configure:21082: checking for stdlib.h
configure:21088: result: yes
configure:21082: checking for unistd.h
configure:21088: result: yes
configure:21226: checking for getpagesize
configure:21282: cc -o conftest  -O3 -g -funroll-loops -fomit-frame-pointer -Wall    conftest.c -lm  >&5
configure:21288: $? = 0
configure:21306: result: yes
configure:21316: checking for working mmap
configure:21463: cc -o conftest  -O3 -g -funroll-loops -fomit-frame-pointer -Wall    conftest.c -lm  >&5
configure:21466: $? = 0
configure:21472: ./conftest
configure:21475: $? = 0
configure:21491: result: yes
configure:21502: checking return type of signal handlers
configure:21530: cc -c  -O3 -g -funroll-loops -fomit-frame-pointer -Wall  conftest.c >&5
conftest.c:41:8: error: indirection requires pointer operand ('void' invalid)
return *(signal (0, 0)) (0) == 1;
       ^~~~~~~~~~~~~~~~~~~~
1 error generated.
configure:21536: $? = 1
configure: failed program was:
| /* confdefs.h.  */
| #define PACKAGE_NAME "sextractor"
| #define PACKAGE_TARNAME "sextractor"
| #define PACKAGE_VERSION "2.8.6"
| #define PACKAGE_STRING "sextractor 2.8.6"
| #define PACKAGE_BUGREPORT "bertin@iap.fr"
| #define PACKAGE "sextractor"
| #define VERSION "2.8.6"
| #define DATE "2021-02-25"
| #define STDC_HEADERS 1
| #define HAVE_SYS_TYPES_H 1
| #define HAVE_SYS_STAT_H 1
| #define HAVE_STDLIB_H 1
| #define HAVE_STRING_H 1
| #define HAVE_MEMORY_H 1
| #define HAVE_STRINGS_H 1
| #define HAVE_INTTYPES_H 1
| #define HAVE_STDINT_H 1
| #define HAVE_UNISTD_H 1
| #define HAVE_DLFCN_H 1
| #define HAVE_LIBM 1
| #define STDC_HEADERS 1
| #define HAVE_FCNTL_H 1
| #define HAVE_LIMITS_H 1
| #define HAVE_STDLIB_H 1
| #define HAVE_STRING_H 1
| #define HAVE_SYS_MMAN_H 1
| #define HAVE_SYS_TYPES_H 1
| #define HAVE_UNISTD_H 1
| #define HAVE_STDLIB_H 1
| #define HAVE_UNISTD_H 1
| #define HAVE_GETPAGESIZE 1
| #define HAVE_MMAP 1
| /* end confdefs.h.  */
| #include <sys/types.h>
| #include <signal.h>
| 
| int
| main ()
| {
| return *(signal (0, 0)) (0) == 1;
|   ;
|   return 0;
| }
configure:21551: result: void
configure:21559: checking whether lstat dereferences a symlink specified with a trailing slash
configure:21595: cc -o conftest  -O3 -g -funroll-loops -fomit-frame-pointer -Wall    conftest.c -lm  >&5
configure:21598: $? = 0
configure:21604: ./conftest
configure:21607: $? = 1
configure: program exited with status 1
configure: failed program was:
| /* confdefs.h.  */
| #define PACKAGE_NAME "sextractor"
| #define PACKAGE_TARNAME "sextractor"
| #define PACKAGE_VERSION "2.8.6"
| #define PACKAGE_STRING "sextractor 2.8.6"
| #define PACKAGE_BUGREPORT "bertin@iap.fr"
| #define PACKAGE "sextractor"
| #define VERSION "2.8.6"
| #define DATE "2021-02-25"
| #define STDC_HEADERS 1
| #define HAVE_SYS_TYPES_H 1
| #define HAVE_SYS_STAT_H 1
| #define HAVE_STDLIB_H 1
| #define HAVE_STRING_H 1
| #define HAVE_MEMORY_H 1
| #define HAVE_STRINGS_H 1
| #define HAVE_INTTYPES_H 1
| #define HAVE_STDINT_H 1
| #define HAVE_UNISTD_H 1
| #define HAVE_DLFCN_H 1
| #define HAVE_LIBM 1
| #define STDC_HEADERS 1
| #define HAVE_FCNTL_H 1
| #define HAVE_LIMITS_H 1
| #define HAVE_STDLIB_H 1
| #define HAVE_STRING_H 1
| #define HAVE_SYS_MMAN_H 1
| #define HAVE_SYS_TYPES_H 1
| #define HAVE_UNISTD_H 1
| #define HAVE_STDLIB_H 1
| #define HAVE_UNISTD_H 1
| #define HAVE_GETPAGESIZE 1
| #define HAVE_MMAP 1
| #define RETSIGTYPE void
| /* end confdefs.h.  */
| #include <stdio.h>
| #ifdef HAVE_SYS_TYPES_H
| # include <sys/types.h>
| #endif
| #ifdef HAVE_SYS_STAT_H
| # include <sys/stat.h>
| #endif
| #ifdef STDC_HEADERS
| # include <stdlib.h>
| # include <stddef.h>
| #else
| # ifdef HAVE_STDLIB_H
| #  include <stdlib.h>
| # endif
| #endif
| #ifdef HAVE_STRING_H
| # if !defined STDC_HEADERS && defined HAVE_MEMORY_H
| #  include <memory.h>
| # endif
| # include <string.h>
| #endif
| #ifdef HAVE_STRINGS_H
| # include <strings.h>
| #endif
| #ifdef HAVE_INTTYPES_H
| # include <inttypes.h>
| #endif
| #ifdef HAVE_STDINT_H
| # include <stdint.h>
| #endif
| #ifdef HAVE_UNISTD_H
| # include <unistd.h>
| #endif
| int
| main ()
| {
| struct stat sbuf;
|      /* Linux will dereference the symlink and fail.
| 	That is better in the sense that it means we will not
| 	have to compile and use the lstat wrapper.  */
|      return lstat ("conftest.sym/", &sbuf) == 0;
|   ;
|   return 0;
| }
configure:21630: result: no
configure:21649: checking whether stat accepts an empty string
configure:21679: cc -o conftest  -O3 -g -funroll-loops -fomit-frame-pointer -Wall    conftest.c -lm  >&5
configure:21682: $? = 0
configure:21688: ./conftest
configure:21691: $? = 0
configure:21707: result: no
configure:21727: checking for strftime
configure:21783: cc -o conftest  -O3 -g -funroll-loops -fomit-frame-pointer -Wall    conftest.c -lm  >&5
configure:21789: $? = 0
configure:21807: result: yes
configure:21902: checking for atexit
configure:21958: cc -o conftest  -O3 -g -funroll-loops -fomit-frame-pointer -Wall    conftest.c -lm  >&5
configure:21964: $? = 0
configure:21982: result: yes
configure:21902: checking for getenv
configure:21958: cc -o conftest  -O3 -g -funroll-loops -fomit-frame-pointer -Wall    conftest.c -lm  >&5
configure:21964: $? = 0
configure:21982: result: yes
configure:21902: checking for memcpy
configure:21958: cc -o conftest  -O3 -g -funroll-loops -fomit-frame-pointer -Wall    conftest.c -lm  >&5
conftest.c:62:6: warning: incompatible redeclaration of library function 'memcpy' [-Wincompatible-library-redeclaration]
char memcpy ();
     ^
conftest.c:62:6: note: 'memcpy' is a builtin with type 'void *(void *, const void *, unsigned long)'
1 warning generated.
configure:21964: $? = 0
configure:21982: result: yes
configure:21902: checking for memmove
configure:21958: cc -o conftest  -O3 -g -funroll-loops -fomit-frame-pointer -Wall    conftest.c -lm  >&5
conftest.c:63:6: warning: incompatible redeclaration of library function 'memmove' [-Wincompatible-library-redeclaration]
char memmove ();
     ^
conftest.c:63:6: note: 'memmove' is a builtin with type 'void *(void *, const void *, unsigned long)'
1 warning generated.
configure:21964: $? = 0
configure:21982: result: yes
configure:21902: checking for memset
configure:21958: cc -o conftest  -O3 -g -funroll-loops -fomit-frame-pointer -Wall    conftest.c -lm  >&5
conftest.c:64:6: warning: incompatible redeclaration of library function 'memset' [-Wincompatible-library-redeclaration]
char memset ();
     ^
conftest.c:64:6: note: 'memset' is a builtin with type 'void *(void *, int, unsigned long)'
1 warning generated.
configure:21964: $? = 0
configure:21982: result: yes
configure:21902: checking for mkdir
configure:21958: cc -o conftest  -O3 -g -funroll-loops -fomit-frame-pointer -Wall    conftest.c -lm  >&5
configure:21964: $? = 0
configure:21982: result: yes
configure:21902: checking for munmap
configure:21958: cc -o conftest  -O3 -g -funroll-loops -fomit-frame-pointer -Wall    conftest.c -lm  >&5
configure:21964: $? = 0
configure:21982: result: yes
configure:21902: checking for strstr
configure:21958: cc -o conftest  -O3 -g -funroll-loops -fomit-frame-pointer -Wall    conftest.c -lm  >&5
conftest.c:67:6: warning: incompatible redeclaration of library function 'strstr' [-Wincompatible-library-redeclaration]
char strstr ();
     ^
conftest.c:67:6: note: 'strstr' is a builtin with type 'char *(const char *, const char *)'
1 warning generated.
configure:21964: $? = 0
configure:21982: result: yes
configure:21902: checking for sincos
configure:21958: cc -o conftest  -O3 -g -funroll-loops -fomit-frame-pointer -Wall    conftest.c -lm  >&5
Undefined symbols for architecture x86_64:
  "_sincos", referenced from:
      _main in conftest-95bd4d.o
ld: symbol(s) not found for architecture x86_64
clang: error: linker command failed with exit code 1 (use -v to see invocation)
configure:21964: $? = 1
configure: failed program was:
| /* confdefs.h.  */
| #define PACKAGE_NAME "sextractor"
| #define PACKAGE_TARNAME "sextractor"
| #define PACKAGE_VERSION "2.8.6"
| #define PACKAGE_STRING "sextractor 2.8.6"
| #define PACKAGE_BUGREPORT "bertin@iap.fr"
| #define PACKAGE "sextractor"
| #define VERSION "2.8.6"
| #define DATE "2021-02-25"
| #define STDC_HEADERS 1
| #define HAVE_SYS_TYPES_H 1
| #define HAVE_SYS_STAT_H 1
| #define HAVE_STDLIB_H 1
| #define HAVE_STRING_H 1
| #define HAVE_MEMORY_H 1
| #define HAVE_STRINGS_H 1
| #define HAVE_INTTYPES_H 1
| #define HAVE_STDINT_H 1
| #define HAVE_UNISTD_H 1
| #define HAVE_DLFCN_H 1
| #define HAVE_LIBM 1
| #define STDC_HEADERS 1
| #define HAVE_FCNTL_H 1
| #define HAVE_LIMITS_H 1
| #define HAVE_STDLIB_H 1
| #define HAVE_STRING_H 1
| #define HAVE_SYS_MMAN_H 1
| #define HAVE_SYS_TYPES_H 1
| #define HAVE_UNISTD_H 1
| #define HAVE_STDLIB_H 1
| #define HAVE_UNISTD_H 1
| #define HAVE_GETPAGESIZE 1
| #define HAVE_MMAP 1
| #define RETSIGTYPE void
| #define HAVE_STRFTIME 1
| #define HAVE_ATEXIT 1
| #define HAVE_GETENV 1
| #define HAVE_MEMCPY 1
| #define HAVE_MEMMOVE 1
| #define HAVE_MEMSET 1
| #define HAVE_MKDIR 1
| #define HAVE_MUNMAP 1
| #define HAVE_STRSTR 1
| /* end confdefs.h.  */
| /* Define sincos to an innocuous variant, in case <limits.h> declares sincos.
|    For example, HP-UX 11i <limits.h> declares gettimeofday.  */
| #define sincos innocuous_sincos
| 
| /* System header to define __stub macros and hopefully few prototypes,
|     which can conflict with char sincos (); below.
|     Prefer <limits.h> to <assert.h> if __STDC__ is defined, since
|     <limits.h> exists even on freestanding compilers.  */
| 
| #ifdef __STDC__
| # include <limits.h>
| #else
| # include <assert.h>
| #endif
| 
| #undef sincos
| 
| /* Override any GCC internal prototype to avoid an error.
|    Use char because int might match the return type of a GCC
|    builtin and then its argument prototype would still apply.  */
| #ifdef __cplusplus
| extern "C"
| #endif
| char sincos ();
| /* The GNU C library defines this for functions which it implements
|     to always fail with ENOSYS.  Some functions are actually named
|     something starting with __ and the normal name is an alias.  */
| #if defined __stub_sincos || defined __stub___sincos
| choke me
| #endif
| 
| int
| main ()
| {
| return sincos ();
|   ;
|   return 0;
| }
configure:21982: result: no
configure:21902: checking for logf
configure:21958: cc -o conftest  -O3 -g -funroll-loops -fomit-frame-pointer -Wall    conftest.c -lm  >&5
conftest.c:68:6: warning: incompatible redeclaration of library function 'logf' [-Wincompatible-library-redeclaration]
char logf ();
     ^
conftest.c:68:6: note: 'logf' is a builtin with type 'float (float)'
1 warning generated.
configure:21964: $? = 0
configure:21982: result: yes
configure:22001: checking for special C compiler options needed for large files
configure:22094: result: no
configure:22100: checking for _FILE_OFFSET_BITS value needed for large files
configure:22135: cc -c  -O3 -g -funroll-loops -fomit-frame-pointer -Wall  conftest.c >&5
configure:22141: $? = 0
configure:22209: result: no
configure:22344: checking for _LARGEFILE_SOURCE value needed for large files
configure:22371: cc -o conftest  -O3 -g -funroll-loops -fomit-frame-pointer -Wall    conftest.c -lm  >&5
configure:22377: $? = 0
configure:22441: result: no
configure:22572: checking for gprof profiler mode
configure:22581: result: no
configure:22587: checking static linking
configure:22592: result: yes
configure:22608: checking for multithreading
configure:22610: result: maximum of 16 thread(s)
configure:22635: checking pthread.h usability
configure:22652: cc -c  -O3 -g -funroll-loops -fomit-frame-pointer -Wall  conftest.c >&5
configure:22658: $? = 0
configure:22672: result: yes
configure:22676: checking pthread.h presence
configure:22691: cc -E  conftest.c
configure:22697: $? = 0
configure:22711: result: yes
configure:22744: checking for pthread.h
configure:22751: result: yes
configure:22893: checking for the pthreads library -lpthreads
configure:22936: cc -o conftest  -O3 -g -funroll-loops -fomit-frame-pointer -Wall     conftest.c -lpthreads -lm  >&5
conftest.c:55:41: warning: null passed to a callee that requires a non-null argument [-Wnonnull]
                     pthread_attr_init(0); pthread_cleanup_push(0, 0);
                                       ~^
conftest.c:56:44: warning: null passed to a callee that requires a non-null argument [-Wnonnull]
                     pthread_create(0,0,0,0); pthread_cleanup_pop(0);
                                    ~      ^
conftest.c:56:44: warning: null passed to a callee that requires a non-null argument [-Wnonnull]
                     pthread_create(0,0,0,0); pthread_cleanup_pop(0);
                                        ~  ^
conftest.c:54:28: warning: variable 'th' is uninitialized when used here [-Wuninitialized]
pthread_t th; pthread_join(th, 0);
                           ^~
conftest.c:54:13: note: initialize the variable 'th' to silence this warning
pthread_t th; pthread_join(th, 0);
            ^
             = NULL
4 warnings generated.
ld: library not found for -lpthreads
clang: error: linker command failed with exit code 1 (use -v to see invocation)
configure:22942: $? = 1
configure: failed program was:
| /* confdefs.h.  */
| #define PACKAGE_NAME "sextractor"
| #define PACKAGE_TARNAME "sextractor"
| #define PACKAGE_VERSION "2.8.6"
| #define PACKAGE_STRING "sextractor 2.8.6"
| #define PACKAGE_BUGREPORT "bertin@iap.fr"
| #define PACKAGE "sextractor"
| #define VERSION "2.8.6"
| #define DATE "2021-02-25"
| #define STDC_HEADERS 1
| #define HAVE_SYS_TYPES_H 1
| #define HAVE_SYS_STAT_H 1
| #define HAVE_STDLIB_H 1
| #define HAVE_STRING_H 1
| #define HAVE_MEMORY_H 1
| #define HAVE_STRINGS_H 1
| #define HAVE_INTTYPES_H 1
| #define HAVE_STDINT_H 1
| #define HAVE_UNISTD_H 1
| #define HAVE_DLFCN_H 1
| #define HAVE_LIBM 1
| #define STDC_HEADERS 1
| #define HAVE_FCNTL_H 1
| #define HAVE_LIMITS_H 1
| #define HAVE_STDLIB_H 1
| #define HAVE_STRING_H 1
| #define HAVE_SYS_MMAN_H 1
| #define HAVE_SYS_TYPES_H 1
| #define HAVE_UNISTD_H 1
| #define HAVE_STDLIB_H 1
| #define HAVE_UNISTD_H 1
| #define HAVE_GETPAGESIZE 1
| #define HAVE_MMAP 1
| #define RETSIGTYPE void
| #define HAVE_STRFTIME 1
| #define HAVE_ATEXIT 1
| #define HAVE_GETENV 1
| #define HAVE_MEMCPY 1
| #define HAVE_MEMMOVE 1
| #define HAVE_MEMSET 1
| #define HAVE_MKDIR 1
| #define HAVE_MUNMAP 1
| #define HAVE_STRSTR 1
| #define HAVE_LOGF 1
| #define HAVE_FSEEKO 1
| #define XSL_URL "file:///usr/local/share/sextractor/sextractor.xsl"
| #define THREADS_NMAX 16
| #define USE_THREADS 1
| /* end confdefs.h.  */
| #include <pthread.h>
| int
| main ()
| {
| pthread_t th; pthread_join(th, 0);
|                      pthread_attr_init(0); pthread_cleanup_push(0, 0);
|                      pthread_create(0,0,0,0); pthread_cleanup_pop(0);
|   ;
|   return 0;
| }
configure:22962: result: no
configure:22882: checking whether pthreads work without any flags
configure:22936: cc -o conftest  -O3 -g -funroll-loops -fomit-frame-pointer -Wall     conftest.c  -lm  >&5
conftest.c:55:41: warning: null passed to a callee that requires a non-null argument [-Wnonnull]
                     pthread_attr_init(0); pthread_cleanup_push(0, 0);
                                       ~^
conftest.c:56:44: warning: null passed to a callee that requires a non-null argument [-Wnonnull]
                     pthread_create(0,0,0,0); pthread_cleanup_pop(0);
                                    ~      ^
conftest.c:56:44: warning: null passed to a callee that requires a non-null argument [-Wnonnull]
                     pthread_create(0,0,0,0); pthread_cleanup_pop(0);
                                        ~  ^
conftest.c:54:28: warning: variable 'th' is uninitialized when used here [-Wuninitialized]
pthread_t th; pthread_join(th, 0);
                           ^~
conftest.c:54:13: note: initialize the variable 'th' to silence this warning
pthread_t th; pthread_join(th, 0);
            ^
             = NULL
4 warnings generated.
configure:22942: $? = 0
configure:22962: result: yes
configure:22982: checking for joinable pthread attribute
configure:23005: cc -o conftest  -O3 -g -funroll-loops -fomit-frame-pointer -Wall     conftest.c  -lm  >&5
conftest.c:54:5: warning: unused variable 'attr' [-Wunused-variable]
int attr=PTHREAD_CREATE_JOINABLE;
    ^
1 warning generated.
configure:23011: $? = 0
configure:23079: result: PTHREAD_CREATE_JOINABLE
configure:23086: checking if more special flags are required for pthreads
configure:23093: result: no
configure:23105: checking for cc_r
configure:23133: result: cc
configure:23776: checking /opt/sw/include/fftw3.h usability
configure:23793: cc -c  -O3 -g -funroll-loops -fomit-frame-pointer -Wall  -D_REENTRANT  conftest.c >&5
configure:23799: $? = 0
configure:23813: result: yes
configure:23817: checking /opt/sw/include/fftw3.h presence
configure:23832: cc -E  conftest.c
configure:23838: $? = 0
configure:23852: result: yes
configure:23885: checking for /opt/sw/include/fftw3.h
configure:23893: result: yes
configure:24316: checking for fftw_execute in -lfftw3
configure:24351: cc -o conftest  -O3 -g -funroll-loops -fomit-frame-pointer -Wall  -D_REENTRANT    conftest.c -lfftw3 -L/opt/sw/lib -lm  >&5
configure:24357: $? = 0
configure:24375: result: yes
configure:24474: checking for fftw_init_threads in -lfftw3_threads
configure:24509: cc -o conftest  -O3 -g -funroll-loops -fomit-frame-pointer -Wall  -D_REENTRANT    conftest.c -lfftw3_threads -L/opt/sw/lib -lfftw3 -lm -lpthread  >&5
configure:24515: $? = 0
configure:24533: result: yes
configure:25559: checking /opt/sw/include/cblas.h usability
configure:25576: cc -c  -O3 -g -funroll-loops -fomit-frame-pointer -Wall  -D_REENTRANT  conftest.c >&5
configure:25582: $? = 0
configure:25596: result: yes
configure:25600: checking /opt/sw/include/cblas.h presence
configure:25615: cc -E  conftest.c
configure:25621: $? = 0
configure:25635: result: yes
configure:25668: checking for /opt/sw/include/cblas.h
configure:25676: result: yes
configure:25559: checking /opt/sw/include/clapack.h usability
configure:25576: cc -c  -O3 -g -funroll-loops -fomit-frame-pointer -Wall  -D_REENTRANT  conftest.c >&5
configure:25582: $? = 0
configure:25596: result: yes
configure:25600: checking /opt/sw/include/clapack.h presence
configure:25615: cc -E  conftest.c
configure:25621: $? = 0
configure:25635: result: yes
configure:25668: checking for /opt/sw/include/clapack.h
configure:25676: result: yes
configure:26479: checking for clapack_dpotrf in -llapack
configure:26514: cc -o conftest  -O3 -g -funroll-loops -fomit-frame-pointer -Wall  -D_REENTRANT    conftest.c -llapack -L/opt/sw/lib -lcblas -latlas -lm  >&5
configure:26520: $? = 0
configure:26538: result: yes
configure:26552: checking for cblas_dgemm in -lcblas
configure:26587: cc -o conftest  -O3 -g -funroll-loops -fomit-frame-pointer -Wall  -D_REENTRANT    conftest.c -lcblas -L/opt/sw/lib -latlas -lm -llapack  >&5
configure:26593: $? = 0
configure:26611: result: yes
configure:26797: checking for cblas_dgemm in -lptcblas
configure:26832: cc -o conftest  -O3 -g -funroll-loops -fomit-frame-pointer -Wall  -D_REENTRANT    conftest.c -lptcblas -L/opt/sw/lib -lcblas -latlas -lm -L/opt/sw/lib -lfftw3_threads -lfftw3  -lm  >&5
configure:26838: $? = 0
configure:26856: result: yes
configure:26928: result: ***************************************************************
configure:26930: result: Compile cmdline:  cc  -O3 -g -funroll-loops -fomit-frame-pointer -Wall  -D_REENTRANT
configure:26932: result: Link    cmdline:  cc -static -shared-libgcc   -L/opt/sw/lib -llapack -lptcblas -lcblas -latlas -L/opt/sw/lib -lfftw3_threads -lfftw3  -lm 
configure:26934: result: Default XSLT URL: file:///usr/local/share/sextractor/sextractor.xsl
configure:26936: result: ***************************************************************
configure:27004: creating ./config.status

## ---------------------- ##
## Running config.status. ##
## ---------------------- ##

This file was extended by sextractor config.status 2.8.6, which was
generated by GNU Autoconf 2.61.  Invocation command line was

  CONFIG_FILES    = 
  CONFIG_HEADERS  = 
  CONFIG_LINKS    = 
  CONFIG_COMMANDS = 
  $ ./config.status 

on onokuni.local

config.status:684: creating Makefile
config.status:684: creating src/Makefile
config.status:684: creating src/fits/Makefile
config.status:684: creating src/levmar/Makefile
config.status:684: creating src/wcs/Makefile
config.status:684: creating man/Makefile
config.status:684: creating tests/Makefile
config.status:684: creating sextractor.spec
config.status:684: creating man/sex.1
config.status:684: creating config.h
config.status:961: config.h is unchanged
config.status:1008: executing depfiles commands

## ---------------- ##
## Cache variables. ##
## ---------------- ##

ac_cv_build=i386-apple-darwin19.6.0
ac_cv_c_compiler_gnu=yes
ac_cv_c_const=yes
ac_cv_cxx_compiler_gnu=yes
ac_cv_env_CCC_set=
ac_cv_env_CCC_value=
ac_cv_env_CC_set=
ac_cv_env_CC_value=
ac_cv_env_CFLAGS_set=
ac_cv_env_CFLAGS_value=
ac_cv_env_CPPFLAGS_set=
ac_cv_env_CPPFLAGS_value=
ac_cv_env_CPP_set=
ac_cv_env_CPP_value=
ac_cv_env_CXXCPP_set=
ac_cv_env_CXXCPP_value=
ac_cv_env_CXXFLAGS_set=
ac_cv_env_CXXFLAGS_value=
ac_cv_env_CXX_set=
ac_cv_env_CXX_value=
ac_cv_env_F77_set=
ac_cv_env_F77_value=
ac_cv_env_FFLAGS_set=
ac_cv_env_FFLAGS_value=
ac_cv_env_LDFLAGS_set=
ac_cv_env_LDFLAGS_value=
ac_cv_env_LIBS_set=
ac_cv_env_LIBS_value=
ac_cv_env_build_alias_set=
ac_cv_env_build_alias_value=
ac_cv_env_host_alias_set=
ac_cv_env_host_alias_value=
ac_cv_env_target_alias_set=
ac_cv_env_target_alias_value=
ac_cv_f77_compiler_gnu=yes
ac_cv_func_atexit=yes
ac_cv_func_getenv=yes
ac_cv_func_getpagesize=yes
ac_cv_func_logf=yes
ac_cv_func_lstat_dereferences_slashed_symlink=no
ac_cv_func_memcpy=yes
ac_cv_func_memmove=yes
ac_cv_func_memset=yes
ac_cv_func_mkdir=yes
ac_cv_func_mmap_fixed_mapped=yes
ac_cv_func_munmap=yes
ac_cv_func_sincos=no
ac_cv_func_stat_empty_string_bug=no
ac_cv_func_strftime=yes
ac_cv_func_strstr=yes
ac_cv_header__opt_sw_include_cblas_h=yes
ac_cv_header__opt_sw_include_clapack_h=yes
ac_cv_header__opt_sw_include_fftw3_h=yes
ac_cv_header_dlfcn_h=yes
ac_cv_header_fcntl_h=yes
ac_cv_header_inttypes_h=yes
ac_cv_header_limits_h=yes
ac_cv_header_malloc_h=no
ac_cv_header_memory_h=yes
ac_cv_header_pthread_h=yes
ac_cv_header_stdc=yes
ac_cv_header_stdint_h=yes
ac_cv_header_stdlib_h=yes
ac_cv_header_string_h=yes
ac_cv_header_strings_h=yes
ac_cv_header_sys_mman_h=yes
ac_cv_header_sys_stat_h=yes
ac_cv_header_sys_types_h=yes
ac_cv_header_unistd_h=yes
ac_cv_host=i386-apple-darwin19.6.0
ac_cv_lib_cblas_cblas_dgemm=yes
ac_cv_lib_error_at_line=no
ac_cv_lib_fftw3_fftw_execute=yes
ac_cv_lib_fftw3_threads_fftw_init_threads=yes
ac_cv_lib_lapack_clapack_dpotrf=yes
ac_cv_lib_m_sin=yes
ac_cv_lib_ptcblas_cblas_dgemm=yes
ac_cv_objext=o
ac_cv_path_EGREP='/opt/sw/bin/grep -E'
ac_cv_path_GREP=/opt/sw/bin/grep
ac_cv_path_install='/usr/bin/install -c'
ac_cv_path_mkdir=/opt/sw/bin/gmkdir
ac_cv_prog_AWK=gawk
ac_cv_prog_CPP='cc -E'
ac_cv_prog_CXXCPP='g++ -E'
ac_cv_prog_PTHREAD_CC=cc
ac_cv_prog_ac_ct_AR=ar
ac_cv_prog_ac_ct_CC=cc
ac_cv_prog_ac_ct_CXX=g++
ac_cv_prog_ac_ct_F77=gfortran
ac_cv_prog_ac_ct_RANLIB=ranlib
ac_cv_prog_ac_ct_STRIP=strip
ac_cv_prog_cc_c89=
ac_cv_prog_cc_g=yes
ac_cv_prog_cxx_g=yes
ac_cv_prog_f77_g=yes
ac_cv_prog_make_make_set=yes
ac_cv_search_strerror='none required'
ac_cv_struct_tm=time.h
ac_cv_sys_file_offset_bits=no
ac_cv_sys_largefile_CC=no
ac_cv_sys_largefile_source=no
ac_cv_type_off_t=yes
ac_cv_type_signal=void
ac_cv_type_size_t=yes
ac_cv_type_uid_t=yes
am_cv_CC_dependencies_compiler_type=gcc3
am_cv_CXX_dependencies_compiler_type=gcc3
am_cv_prog_cc_stdc=
lt_cv_deplibs_check_method=pass_all
lt_cv_file_magic_cmd='$MAGIC_CMD'
lt_cv_file_magic_test_file=
lt_cv_ld_reload_flag=-r
lt_cv_objdir=.libs
lt_cv_path_LD=/Applications/Xcode.app/Contents/Developer/Toolchains/XcodeDefault.xctoolchain/usr/bin/ld
lt_cv_path_LDCXX=/Applications/Xcode.app/Contents/Developer/Toolchains/XcodeDefault.xctoolchain/usr/bin/ld
lt_cv_path_NM='/usr/bin/nm -B'
lt_cv_path_SED=/opt/sw/bin/sed
lt_cv_prog_compiler_c_o=yes
lt_cv_prog_compiler_c_o_CXX=yes
lt_cv_prog_compiler_c_o_F77=yes
lt_cv_prog_compiler_rtti_exceptions=yes
lt_cv_prog_gnu_ld=no
lt_cv_prog_gnu_ldcxx=no
lt_cv_sys_global_symbol_pipe='sed -n -e '\''s/^.*[ 	]\([BCDEGRST][BCDEGRST]*\)[ 	][ 	]*_\([_A-Za-z][_A-Za-z0-9]*\)$/\1 _\2 \2/p'\'''
lt_cv_sys_global_symbol_to_c_name_address='sed -n -e '\''s/^: \([^ ]*\) $/  {\"\1\", (lt_ptr) 0},/p'\'' -e '\''s/^[BCDEGRST] \([^ ]*\) \([^ ]*\)$/  {"\2", (lt_ptr) \&\2},/p'\'''
lt_cv_sys_global_symbol_to_cdecl='sed -n -e '\''s/^. .* \(.*\)$/extern int \1;/p'\'''
lt_cv_sys_max_cmd_len=196608
lt_lt_cv_prog_compiler_c_o='"yes"'
lt_lt_cv_prog_compiler_c_o_CXX='"yes"'
lt_lt_cv_prog_compiler_c_o_F77='"yes"'
lt_lt_cv_sys_global_symbol_pipe='"sed -n -e '\''s/^.*[ 	]\\([BCDEGRST][BCDEGRST]*\\)[ 	][ 	]*_\\([_A-Za-z][_A-Za-z0-9]*\\)\$/\\1 _\\2 \\2/p'\''"'
lt_lt_cv_sys_global_symbol_to_c_name_address='"sed -n -e '\''s/^: \\([^ ]*\\) \$/  {\\\"\\1\\\", (lt_ptr) 0},/p'\'' -e '\''s/^[BCDEGRST] \\([^ ]*\\) \\([^ ]*\\)\$/  {\"\\2\", (lt_ptr) \\&\\2},/p'\''"'
lt_lt_cv_sys_global_symbol_to_cdecl='"sed -n -e '\''s/^. .* \\(.*\\)\$/extern int \\1;/p'\''"'

## ----------------- ##
## Output variables. ##
## ----------------- ##

ACLOCAL='${SHELL} /Users/strolger/snreg_soft/source/sextractor-2.8.6/autoconf/missing --run aclocal-1.10'
AMDEPBACKSLASH='\'
AMDEP_FALSE='#'
AMDEP_TRUE=''
AMTAR='${SHELL} /Users/strolger/snreg_soft/source/sextractor-2.8.6/autoconf/missing --run tar'
AR='ar'
ATLAS_CFLAGS=''
ATLAS_ERROR=''
ATLAS_LIB='-L/opt/sw/lib -llapack -lptcblas -lcblas -latlas'
ATLAS_LIBPATH='-L/opt/sw/lib'
AUTOCONF='${SHELL} /Users/strolger/snreg_soft/source/sextractor-2.8.6/autoconf/missing --run autoconf'
AUTOHEADER='${SHELL} /Users/strolger/snreg_soft/source/sextractor-2.8.6/autoconf/missing --run autoheader'
AUTOMAKE='${SHELL} /Users/strolger/snreg_soft/source/sextractor-2.8.6/autoconf/missing --run automake-1.10'
AWK='gawk'
CC='cc'
CCDEPMODE='depmode=gcc3'
CFLAGS=' -O3 -g -funroll-loops -fomit-frame-pointer -Wall  -D_REENTRANT'
CPP='cc -E'
CPPFLAGS=''
CXX='g++'
CXXCPP='g++ -E'
CXXDEPMODE='depmode=gcc3'
CXXFLAGS='-g -O2'
CYGPATH_W='echo'
DATE2='Thu Feb 25 2021'
DATE3='February 2021'
DEFS='-DHAVE_CONFIG_H'
DEPDIR='.deps'
ECHO='/bin/echo'
ECHO_C='ECHO_N=''
ECHO_T=''
EGREP='/opt/sw/bin/grep -E'
EXEEXT=''
F77='gfortran'
FFLAGS='-g -O2'
FFTW_ERROR=''
FFTW_LIBS='-L/opt/sw/lib -lfftw3_threads -lfftw3'
GREP='/opt/sw/bin/grep'
INSTALL_DATA='${INSTALL} -m 644'
INSTALL_PROGRAM='${INSTALL}'
INSTALL_SCRIPT='${INSTALL}'
INSTALL_STRIP_PROGRAM='$(install_sh) -c -s'
LDFLAGS='-static -shared-libgcc  '
LIBOBJS=' ${LIBOBJDIR}error$U.o ${LIBOBJDIR}lstat$U.o'
LIBS='-L/opt/sw/lib -llapack -lptcblas -lcblas -latlas -L/opt/sw/lib -lfftw3_threads -lfftw3  -lm '
LIBTOOL='$(SHELL) $(top_builddir)/libtool'
LN_S='ln -s'
LTLIBOBJS=' ${LIBOBJDIR}error$U.lo ${LIBOBJDIR}lstat$U.lo'
MAKEINFO='${SHELL} /Users/strolger/snreg_soft/source/sextractor-2.8.6/autoconf/missing --run makeinfo'
OBJEXT='o'
PACKAGE='sextractor'
PACKAGER='Emmanuel Bertin'
PACKAGE_BUGREPORT='bertin@iap.fr'
PACKAGE_NAME='sextractor'
PACKAGE_STRING='sextractor 2.8.6'
PACKAGE_TARNAME='sextractor'
PACKAGE_VERSION='2.8.6'
PATH_SEPARATOR=':'
PTHREAD_CC='cc'
PTHREAD_CFLAGS=''
PTHREAD_LIBS=''
RANLIB='ranlib'
SED='/opt/sw/bin/sed'
SET_MAKE=''
SHELL='/bin/sh'
STRIP='strip'
USE_THREADS_FALSE='#'
USE_THREADS_TRUE=''
VERSION='2.8.6'
ac_ct_CC='cc'
ac_ct_CXX='g++'
ac_ct_F77='gfortran'
am__fastdepCC_FALSE='#'
am__fastdepCC_TRUE=''
am__fastdepCXX_FALSE='#'
am__fastdepCXX_TRUE=''
am__include='include'
am__isrc=''
am__leading_dot='.'
am__quote=''
am__tar='${AMTAR} chof - "$$tardir"'
am__untar='${AMTAR} xf -'
bindir='${exec_prefix}/bin'
build='i386-apple-darwin19.6.0'
build_alias=''
build_cpu='i386'
build_os='darwin19.6.0'
build_vendor='apple'
datadir='${datarootdir}'
datarootdir='${prefix}/share'
docdir='${datarootdir}/doc/${PACKAGE_TARNAME}'
dvidir='${docdir}'
exec_prefix='${prefix}'
host='i386-apple-darwin19.6.0'
host_alias=''
host_cpu='i386'
host_os='darwin19.6.0'
host_vendor='apple'
htmldir='${docdir}'
includedir='${prefix}/include'
infodir='${datarootdir}/info'
install_sh='$(SHELL) /Users/strolger/snreg_soft/source/sextractor-2.8.6/autoconf/install-sh'
libdir='${exec_prefix}/lib'
libexecdir='${exec_prefix}/libexec'
localedir='${datarootdir}/locale'
localstatedir='${prefix}/var'
mandir='${datarootdir}/man'
mkdir_p='/opt/sw/bin/gmkdir -p'
oldincludedir='/usr/include'
pdfdir='${docdir}'
prefix='/usr/local'
program_transform_name='s,x,x,'
psdir='${docdir}'
sbindir='${exec_prefix}/sbin'
sharedstatedir='${prefix}/com'
sysconfdir='${prefix}/etc'
target_alias=''

## ----------- ##
## confdefs.h. ##
## ----------- ##

#define PACKAGE_NAME "sextractor"
#define PACKAGE_TARNAME "sextractor"
#define PACKAGE_VERSION "2.8.6"
#define PACKAGE_STRING "sextractor 2.8.6"
#define PACKAGE_BUGREPORT "bertin@iap.fr"
#define PACKAGE "sextractor"
#define VERSION "2.8.6"
#define DATE "2021-02-25"
#define STDC_HEADERS 1
#define HAVE_SYS_TYPES_H 1
#define HAVE_SYS_STAT_H 1
#define HAVE_STDLIB_H 1
#define HAVE_STRING_H 1
#define HAVE_MEMORY_H 1
#define HAVE_STRINGS_H 1
#define HAVE_INTTYPES_H 1
#define HAVE_STDINT_H 1
#define HAVE_UNISTD_H 1
#define HAVE_DLFCN_H 1
#define HAVE_LIBM 1
#define STDC_HEADERS 1
#define HAVE_FCNTL_H 1
#define HAVE_LIMITS_H 1
#define HAVE_STDLIB_H 1
#define HAVE_STRING_H 1
#define HAVE_SYS_MMAN_H 1
#define HAVE_SYS_TYPES_H 1
#define HAVE_UNISTD_H 1
#define HAVE_STDLIB_H 1
#define HAVE_UNISTD_H 1
#define HAVE_GETPAGESIZE 1
#define HAVE_MMAP 1
#define RETSIGTYPE void
#define HAVE_STRFTIME 1
#define HAVE_ATEXIT 1
#define HAVE_GETENV 1
#define HAVE_MEMCPY 1
#define HAVE_MEMMOVE 1
#define HAVE_MEMSET 1
#define HAVE_MKDIR 1
#define HAVE_MUNMAP 1
#define HAVE_STRSTR 1
#define HAVE_LOGF 1
#define HAVE_FSEEKO 1
#define XSL_URL "file:///usr/local/share/sextractor/sextractor.xsl"
#define THREADS_NMAX 16
#define USE_THREADS 1
#define HAVE_PTHREAD 1
#define FFTW_H "$fftw_incdir/fftw3.h"
#define HAVE_FFTW 1
#define HAVE_FFTWT 1
#define HAVE__OPT_SW_INCLUDE_CBLAS_H 1
#define HAVE__OPT_SW_INCLUDE_CLAPACK_H 1
#define ATLAS_BLAS_H "/opt/sw/include/cblas.h"
#define ATLAS_LAPACK_H "/opt/sw/include/clapack.h"
#define HAVE_LIBLAPACK 1
#define HAVE_LIBCBLAS 1
#define HAVE_ATLAS 1
#define HAVE_LIBPTCBLAS 1
#define HAVE_ATLAS_MP 1

configure: exit 0
